<?xml version="1.0" encoding="UTF-8"?>
<!-- Generated by org.testng.reporters.JUnitReportReporter -->
<testsuite hostname="DESKTOP-I0SN7QT" failures="0" tests="1" name="TEST.ZerodhaSignInPageTest" time="16.110" errors="0" timestamp="2022-06-07T14:45:48 IST" skipped="0">
  <testcase classname="TEST.ZerodhaSignInPageTest" name="signInPage" time="16.110"/>
  <system-out/>
</testsuite> <!-- TEST.ZerodhaSignInPageTest -->
