<?xml version="1.0" encoding="UTF-8"?>
<!-- Generated by org.testng.reporters.JUnitReportReporter -->
<testsuite hostname="DESKTOP-I0SN7QT" failures="0" tests="1" name="TEST.ZerodhaLoginPageTest" time="9.487" errors="0" timestamp="2022-06-06T18:14:38 IST" skipped="0">
  <testcase classname="TEST.ZerodhaLoginPageTest" name="loginWithValidCredentials" time="9.487"/>
  <system-out/>
</testsuite> <!-- TEST.ZerodhaLoginPageTest -->
