<?xml version="1.0" encoding="UTF-8"?>
<!-- Generated by org.testng.reporters.JUnitReportReporter -->
<testsuite hostname="DESKTOP-I0SN7QT" failures="0" tests="1" name="TEST.ZerodhaPinPageTest" time="13.358" errors="0" timestamp="2022-06-06T18:15:29 IST" skipped="0">
  <testcase classname="TEST.ZerodhaPinPageTest" name="conitUneWithPin" time="13.358"/>
  <system-out/>
</testsuite> <!-- TEST.ZerodhaPinPageTest -->
