<?xml version="1.0" encoding="UTF-8"?>
<!-- Generated by org.testng.reporters.JUnitReportReporter -->
<testsuite hostname="DESKTOP-I0SN7QT" failures="0" tests="1" name="TEST.ZerodhaDashboardTest" time="39.616" errors="0" timestamp="2022-06-14T16:27:57 IST" skipped="0">
  <testcase classname="TEST.ZerodhaDashboardTest" name="addStocksInWatchList" time="39.616"/>
  <system-out/>
</testsuite> <!-- TEST.ZerodhaDashboardTest -->
